http://www.logosquizwalkthrough.com/images/abbott_tmb.jpg
http://www.logosquizwalkthrough.com/images/absolut-vodka_tmb.jpg
http://www.logosquizwalkthrough.com/images/adio_tmb.jpg
http://www.logosquizwalkthrough.com/images/air-new-zealand_tmb.jpg
http://www.logosquizwalkthrough.com/images/all-nippon-airways_tmb.jpg
http://www.logosquizwalkthrough.com/images/austrian-airlines_tmb.jpg
http://www.logosquizwalkthrough.com/images/bacardi_tmb.jpg
http://www.logosquizwalkthrough.com/images/bank-of-china_tmb.jpg
http://www.logosquizwalkthrough.com/images/bbva_tmb.jpg
http://www.logosquizwalkthrough.com/images/best-buy_tmb.jpg
http://www.logosquizwalkthrough.com/images/british-airways_tmb.jpg
http://www.logosquizwalkthrough.com/images/carlsberg_tmb.jpg
http://www.logosquizwalkthrough.com/images/caterham_tmb.jpg
http://www.logosquizwalkthrough.com/images/cathay-pacific_tmb.jpg
http://www.logosquizwalkthrough.com/images/chery_tmb.jpg
http://www.logosquizwalkthrough.com/images/china-southern_tmb.jpg
http://www.logosquizwalkthrough.com/images/chivas_tmb.jpg
http://www.logosquizwalkthrough.com/images/cohiba_tmb.jpg
http://www.logosquizwalkthrough.com/images/continental-airlines_tmb.jpg
http://www.logosquizwalkthrough.com/images/coors_tmb.jpg
http://www.logosquizwalkthrough.com/images/electric_tmb.jpg
http://www.logosquizwalkthrough.com/images/emirates_tmb.jpg
http://www.logosquizwalkthrough.com/images/gmc_tmb.jpg
http://www.logosquizwalkthrough.com/images/gulf-air_tmb.jpg
http://www.logosquizwalkthrough.com/images/hsbc_tmb.jpg
http://www.logosquizwalkthrough.com/images/hummel_tmb.jpg
http://www.logosquizwalkthrough.com/images/jetblue_tmb.jpg
http://www.logosquizwalkthrough.com/images/joma_tmb.jpg
http://www.logosquizwalkthrough.com/images/kawasaki_tmb.jpg
http://www.logosquizwalkthrough.com/images/kelme_tmb.jpg
http://www.logosquizwalkthrough.com/images/kenzo_tmb.jpg
http://www.logosquizwalkthrough.com/images/klm_tmb.jpg
http://www.logosquizwalkthrough.com/images/landwind_tmb.jpg
http://www.logosquizwalkthrough.com/images/lloyds-tsb_tmb.jpg
http://www.logosquizwalkthrough.com/images/lotus_tmb.jpg
http://www.logosquizwalkthrough.com/images/mahindra_tmb.jpg
http://www.logosquizwalkthrough.com/images/malaysia-airlines_tmb.jpg
http://www.logosquizwalkthrough.com/images/maybach_tmb.jpg
http://www.logosquizwalkthrough.com/images/mercury_tmb.jpg
http://www.logosquizwalkthrough.com/images/merrill-lynch_tmb.jpg
http://www.logosquizwalkthrough.com/images/mikasa_tmb.jpg
http://www.logosquizwalkthrough.com/images/morgan_tmb.jpg
http://www.logosquizwalkthrough.com/images/novotel_tmb.jpg
http://www.logosquizwalkthrough.com/images/ntt-docomo_tmb.jpg
http://www.logosquizwalkthrough.com/images/pallmall_tmb.jpg
http://www.logosquizwalkthrough.com/images/petrochina_tmb.jpg
http://www.logosquizwalkthrough.com/images/philip-morris_tmb.jpg
http://www.logosquizwalkthrough.com/images/portugalia-airlines_tmb.jpg
http://www.logosquizwalkthrough.com/images/qatar-airways_tmb.jpg
http://www.logosquizwalkthrough.com/images/redhat_tmb.jpg
http://www.logosquizwalkthrough.com/images/reusch_tmb.jpg
http://www.logosquizwalkthrough.com/images/royal-bank-of-canada_tmb.jpg
http://www.logosquizwalkthrough.com/images/royal-bank-of-scotland_tmb.jpg
http://www.logosquizwalkthrough.com/images/saint-gobain_tmb.jpg
http://www.logosquizwalkthrough.com/images/santana_tmb.jpg
http://www.logosquizwalkthrough.com/images/saturn_tmb.jpg
http://www.logosquizwalkthrough.com/images/singapore-airlines_tmb.jpg
http://www.logosquizwalkthrough.com/images/skf_tmb.jpg
http://www.logosquizwalkthrough.com/images/smirnoff_tmb.jpg
http://www.logosquizwalkthrough.com/images/south-african-airways_tmb.jpg
http://www.logosquizwalkthrough.com/images/southwest-airlines_tmb.jpg
http://www.logosquizwalkthrough.com/images/spanair_tmb.jpg
http://www.logosquizwalkthrough.com/images/standard-chartered_tmb.jpg
http://www.logosquizwalkthrough.com/images/state-bank-of-india_tmb.jpg
http://www.logosquizwalkthrough.com/images/sun-microsystems_tmb.jpg
http://www.logosquizwalkthrough.com/images/swiss_tmb.jpg
http://www.logosquizwalkthrough.com/images/teka_tmb.jpg
http://www.logosquizwalkthrough.com/images/tnt_tmb.jpg
http://www.logosquizwalkthrough.com/images/tous_tmb.jpg
http://www.logosquizwalkthrough.com/images/us-airways_tmb.jpg
http://www.logosquizwalkthrough.com/images/vans_tmb.jpg
http://www.logosquizwalkthrough.com/images/vauxhall_tmb.jpg
http://www.logosquizwalkthrough.com/images/vivo_tmb.jpg
http://www.logosquizwalkthrough.com/images/vueling_tmb.jpg
http://www.logosquizwalkthrough.com/images/westjet_tmb.jpg
http://www.logosquizwalkthrough.com/images/wrangler_tmb.jpg
