http://www.logosquizwalkthrough.com/images/amazon_tmb.jpg
http://www.logosquizwalkthrough.com/images/barbie_tmb.jpg
http://www.logosquizwalkthrough.com/images/blockbuster_tmb.jpg
http://www.logosquizwalkthrough.com/images/bmw_tmb.jpg
http://www.logosquizwalkthrough.com/images/burger-king_tmb.jpg
http://www.logosquizwalkthrough.com/images/calvin-klein_tmb.jpg
http://www.logosquizwalkthrough.com/images/canon_tmb.jpg
http://www.logosquizwalkthrough.com/images/citroen_tmb.jpg
http://www.logosquizwalkthrough.com/images/ebay_tmb.jpg
http://www.logosquizwalkthrough.com/images/flickr_tmb.jpg
http://www.logosquizwalkthrough.com/images/hp_tmb.jpg
http://www.logosquizwalkthrough.com/images/ibm_tmb.jpg
http://www.logosquizwalkthrough.com/images/intel_tmb.jpg
http://www.logosquizwalkthrough.com/images/kelloggs_tmb.jpg
http://www.logosquizwalkthrough.com/images/levis_tmb.jpg
http://www.logosquizwalkthrough.com/images/loreal_tmb.jpg
http://www.logosquizwalkthrough.com/images/louis-vuitton_tmb.jpg
http://www.logosquizwalkthrough.com/images/mcdonalds_tmb.jpg
http://www.logosquizwalkthrough.com/images/michelin_tmb.jpg
http://www.logosquizwalkthrough.com/images/microsoft_tmb.jpg
http://www.logosquizwalkthrough.com/images/mtv_tmb.jpg
http://www.logosquizwalkthrough.com/images/nescafe_tmb.jpg
http://www.logosquizwalkthrough.com/images/nike_tmb.jpg
http://www.logosquizwalkthrough.com/images/nissan_tmb.jpg
http://www.logosquizwalkthrough.com/images/pizza-hut_tmb.jpg
http://www.logosquizwalkthrough.com/images/pringles_tmb.jpg
http://www.logosquizwalkthrough.com/images/quiksilver_tmb.jpg
http://www.logosquizwalkthrough.com/images/red-bull_tmb.jpg
http://www.logosquizwalkthrough.com/images/reebok_tmb.jpg
http://www.logosquizwalkthrough.com/images/samsung_tmb.jpg
http://www.logosquizwalkthrough.com/images/skype_tmb.jpg
http://www.logosquizwalkthrough.com/images/starbucks_tmb.jpg
http://www.logosquizwalkthrough.com/images/twitter_tmb.jpg
http://www.logosquizwalkthrough.com/images/volkswagen_tmb.jpg
