http://www.logosquizwalkthrough.com/images/bic_tmb.jpg
http://www.logosquizwalkthrough.com/images/blackberry_tmb.jpg
http://www.logosquizwalkthrough.com/images/bradesco_tmb.jpg
http://www.logosquizwalkthrough.com/images/burberry_tmb.jpg
http://www.logosquizwalkthrough.com/images/camel_tmb.jpg
http://www.logosquizwalkthrough.com/images/acer_tmb.jpg
http://www.logosquizwalkthrough.com/images/american-airlines_tmb.jpg
http://www.logosquizwalkthrough.com/images/american-express_tmb.jpg
http://www.logosquizwalkthrough.com/images/asics_tmb.jpg
http://www.logosquizwalkthrough.com/images/ati_tmb.jpg
http://www.logosquizwalkthrough.com/images/bank-of-america_tmb.jpg
http://www.logosquizwalkthrough.com/images/barclays_tmb.jpg
http://www.logosquizwalkthrough.com/images/bbc_tmb.jpg
http://www.logosquizwalkthrough.com/images/cartier_tmb.jpg
http://www.logosquizwalkthrough.com/images/castrol_tmb.jpg
http://www.logosquizwalkthrough.com/images/chase_tmb.jpg
http://www.logosquizwalkthrough.com/images/columbia_tmb.jpg
http://www.logosquizwalkthrough.com/images/credit-suisse_tmb.jpg
http://www.logosquizwalkthrough.com/images/dc_tmb.jpg
http://www.logosquizwalkthrough.com/images/delta_tmb.jpg
http://www.logosquizwalkthrough.com/images/diadora_tmb.jpg
http://www.logosquizwalkthrough.com/images/diesel_tmb.jpg
http://www.logosquizwalkthrough.com/images/duracell_tmb.jpg
http://www.logosquizwalkthrough.com/images/easyjet_tmb.jpg
http://www.logosquizwalkthrough.com/images/espn_tmb.jpg
http://www.logosquizwalkthrough.com/images/esso_tmb.jpg
http://www.logosquizwalkthrough.com/images/fiba_tmb.jpg
http://www.logosquizwalkthrough.com/images/forum_tmb.jpg
http://www.logosquizwalkthrough.com/images/garnier_tmb.jpg
http://www.logosquizwalkthrough.com/images/general-motors_tmb.jpg
http://www.logosquizwalkthrough.com/images/goldman-sachs_tmb.jpg
http://www.logosquizwalkthrough.com/images/gucci_tmb.jpg
http://www.logosquizwalkthrough.com/images/hard-rock-cafe_tmb.jpg
http://www.logosquizwalkthrough.com/images/heinz_tmb.jpg
http://www.logosquizwalkthrough.com/images/history-channel_tmb.jpg
http://www.logosquizwalkthrough.com/images/hyundai_tmb.jpg
http://www.logosquizwalkthrough.com/images/ing_tmb.jpg
http://www.logosquizwalkthrough.com/images/jaguar_tmb.jpg
http://www.logosquizwalkthrough.com/images/john-smith_tmb.jpg
http://www.logosquizwalkthrough.com/images/jvc_tmb.jpg
http://www.logosquizwalkthrough.com/images/kenwood_tmb.jpg
http://www.logosquizwalkthrough.com/images/lacoste_tmb.jpg
http://www.logosquizwalkthrough.com/images/lamborghini_tmb.jpg
http://www.logosquizwalkthrough.com/images/lancia_tmb.jpg
http://www.logosquizwalkthrough.com/images/lancome_tmb.jpg
http://www.logosquizwalkthrough.com/images/le-coq-sportif_tmb.jpg
http://www.logosquizwalkthrough.com/images/lexus_tmb.jpg
http://www.logosquizwalkthrough.com/images/logitech_tmb.jpg
http://www.logosquizwalkthrough.com/images/mitsubishi_tmb.jpg
http://www.logosquizwalkthrough.com/images/mizuno_tmb.jpg
http://www.logosquizwalkthrough.com/images/nespresso_tmb.jpg
http://www.logosquizwalkthrough.com/images/nfl_tmb.jpg
http://www.logosquizwalkthrough.com/images/nickelodeon_tmb.jpg
http://www.logosquizwalkthrough.com/images/old-navy_tmb.jpg
http://www.logosquizwalkthrough.com/images/olympus_tmb.jpg
http://www.logosquizwalkthrough.com/images/pixar_tmb.jpg
http://www.logosquizwalkthrough.com/images/playboy_tmb.jpg
http://www.logosquizwalkthrough.com/images/qantas_tmb.jpg
http://www.logosquizwalkthrough.com/images/ralph-lauren_tmb.jpg
http://www.logosquizwalkthrough.com/images/rotring_tmb.jpg
http://www.logosquizwalkthrough.com/images/rowenta_tmb.jpg
http://www.logosquizwalkthrough.com/images/saab_tmb.jpg
http://www.logosquizwalkthrough.com/images/samsonite_tmb.jpg
http://www.logosquizwalkthrough.com/images/sanyo_tmb.jpg
http://www.logosquizwalkthrough.com/images/schwarzkopf_tmb.jpg
http://www.logosquizwalkthrough.com/images/schweppes_tmb.jpg
http://www.logosquizwalkthrough.com/images/sephora_tmb.jpg
http://www.logosquizwalkthrough.com/images/siemens_tmb.jpg
http://www.logosquizwalkthrough.com/images/smart_tmb.jpg
http://www.logosquizwalkthrough.com/images/sprite_tmb.jpg
http://www.logosquizwalkthrough.com/images/staples_tmb.jpg
http://www.logosquizwalkthrough.com/images/tomtom_tmb.jpg
http://www.logosquizwalkthrough.com/images/unilever_tmb.jpg
http://www.logosquizwalkthrough.com/images/volcom_tmb.jpg
http://www.logosquizwalkthrough.com/images/xbox_tmb.jpg
http://www.logosquizwalkthrough.com/images/yves-saint-laurent_tmb.jpg
