http://www.logosquizwalkthrough.com/images/air-france_tmb.jpg
http://www.logosquizwalkthrough.com/images/anic_tmb.jpg
http://www.logosquizwalkthrough.com/images/aquafina_tmb.jpg
http://www.logosquizwalkthrough.com/images/ariel_tmb.jpg
http://www.logosquizwalkthrough.com/images/atomic_tmb.jpg
http://www.logosquizwalkthrough.com/images/avon_tmb.jpg
http://www.logosquizwalkthrough.com/images/bayer_tmb.jpg
http://www.logosquizwalkthrough.com/images/billabong_tmb.jpg
http://www.logosquizwalkthrough.com/images/bluetooth_tmb.jpg
http://www.logosquizwalkthrough.com/images/bp_tmb.jpg
http://www.logosquizwalkthrough.com/images/breil_tmb.jpg
http://www.logosquizwalkthrough.com/images/bridgestone_tmb.jpg
http://www.logosquizwalkthrough.com/images/burton_tmb.jpg
http://www.logosquizwalkthrough.com/images/cadillac_tmb.jpg
http://www.logosquizwalkthrough.com/images/camper_tmb.jpg
http://www.logosquizwalkthrough.com/images/corvette_tmb.jpg
http://www.logosquizwalkthrough.com/images/dhl_tmb.jpg
http://www.logosquizwalkthrough.com/images/discovery-channel_tmb.jpg
http://www.logosquizwalkthrough.com/images/dolby_tmb.jpg
http://www.logosquizwalkthrough.com/images/dr-pepper_tmb.jpg
http://www.logosquizwalkthrough.com/images/dragon_tmb.jpg
http://www.logosquizwalkthrough.com/images/ellesse_tmb.jpg
http://www.logosquizwalkthrough.com/images/exxon_tmb.jpg
http://www.logosquizwalkthrough.com/images/fiat_tmb.jpg
http://www.logosquizwalkthrough.com/images/fifa_tmb.jpg
http://www.logosquizwalkthrough.com/images/fosters_tmb.jpg
http://www.logosquizwalkthrough.com/images/fox_tmb.jpg
http://www.logosquizwalkthrough.com/images/galp_tmb.jpg
http://www.logosquizwalkthrough.com/images/peugeot_tmb.jpg
http://www.logosquizwalkthrough.com/images/gap_tmb.jpg
http://www.logosquizwalkthrough.com/images/gillette_tmb.jpg
http://www.logosquizwalkthrough.com/images/glaxo-smith-kline_tmb.jpg
http://www.logosquizwalkthrough.com/images/goodyear_tmb.jpg
http://www.logosquizwalkthrough.com/images/gordons_tmb.jpg
http://www.logosquizwalkthrough.com/images/haagen-dazs_tmb.jpg
http://www.logosquizwalkthrough.com/images/hertz_tmb.jpg
http://www.logosquizwalkthrough.com/images/hilton_tmb.jpg
http://www.logosquizwalkthrough.com/images/hummer_tmb.jpg
http://www.logosquizwalkthrough.com/images/iveco_tmb.jpg
http://www.logosquizwalkthrough.com/images/jeep_tmb.jpg
http://www.logosquizwalkthrough.com/images/johnnie-walker_tmb.jpg
http://www.logosquizwalkthrough.com/images/kfc_tmb.jpg
http://www.logosquizwalkthrough.com/images/kodak_tmb.jpg
http://www.logosquizwalkthrough.com/images/lego_tmb.jpg
http://www.logosquizwalkthrough.com/images/lincoln_tmb.jpg
http://www.logosquizwalkthrough.com/images/lucky-strike_tmb.jpg
http://www.logosquizwalkthrough.com/images/lufthansa_tmb.jpg
http://www.logosquizwalkthrough.com/images/mg_tmb.jpg
http://www.logosquizwalkthrough.com/images/motorola_tmb.jpg
http://www.logosquizwalkthrough.com/images/movistar_tmb.jpg
http://www.logosquizwalkthrough.com/images/nato_tmb.jpg
http://www.logosquizwalkthrough.com/images/nikon_tmb.jpg
http://www.logosquizwalkthrough.com/images/paramount_tmb.jpg
http://www.logosquizwalkthrough.com/images/subway_tmb.jpg
http://www.logosquizwalkthrough.com/images/tag-heuer_tmb.jpg
http://www.logosquizwalkthrough.com/images/tdk_tmb.jpg
http://www.logosquizwalkthrough.com/images/texas-instruments_tmb.jpg
http://www.logosquizwalkthrough.com/images/the-north-face_tmb.jpg
http://www.logosquizwalkthrough.com/images/tissot_tmb.jpg
http://www.logosquizwalkthrough.com/images/united_tmb.jpg
http://www.logosquizwalkthrough.com/images/vodafone_tmb.jpg
http://www.logosquizwalkthrough.com/images/wella_tmb.jpg
http://www.logosquizwalkthrough.com/images/wifi_tmb.jpg
http://www.logosquizwalkthrough.com/images/winston_tmb.jpg
http://www.logosquizwalkthrough.com/images/xerox_tmb.jpg
http://www.logosquizwalkthrough.com/images/zurich_tmb.jpg
http://www.logosquizwalkthrough.com/images/piaggio_tmb.jpg
http://www.logosquizwalkthrough.com/images/porsche_tmb.jpg
http://www.logosquizwalkthrough.com/images/rayban_tmb.jpg
http://www.logosquizwalkthrough.com/images/reef_tmb.jpg
http://www.logosquizwalkthrough.com/images/renault_tmb.jpg
http://www.logosquizwalkthrough.com/images/rexona_tmb.jpg
http://www.logosquizwalkthrough.com/images/rip-curl_tmb.jpg
http://www.logosquizwalkthrough.com/images/roxy_tmb.jpg
http://www.logosquizwalkthrough.com/images/ryanair_tmb.jpg
http://www.logosquizwalkthrough.com/images/sega_tmb.jpg
