http://www.logosquizwalkthrough.com/images/british-midland-international_tmb.jpg
http://www.logosquizwalkthrough.com/images/buick_tmb.jpg
http://www.logosquizwalkthrough.com/images/activision_tmb.jpg
http://www.logosquizwalkthrough.com/images/acura_tmb.jpg
http://www.logosquizwalkthrough.com/images/adolfo-dominguez_tmb.jpg
http://www.logosquizwalkthrough.com/images/aegon_tmb.jpg
http://www.logosquizwalkthrough.com/images/aig_tmb.jpg
http://www.logosquizwalkthrough.com/images/air-canada_tmb.jpg
http://www.logosquizwalkthrough.com/images/airness_tmb.jpg
http://www.logosquizwalkthrough.com/images/airwalk_tmb.jpg
http://www.logosquizwalkthrough.com/images/aiwa_tmb.jpg
http://www.logosquizwalkthrough.com/images/alcatel_tmb.jpg
http://www.logosquizwalkthrough.com/images/amstrad_tmb.jpg
http://www.logosquizwalkthrough.com/images/asiana-airlines_tmb.jpg
http://www.logosquizwalkthrough.com/images/auntie-annes_tmb.jpg
http://www.logosquizwalkthrough.com/images/ballantines_tmb.jpg
http://www.logosquizwalkthrough.com/images/banco-do-brasil_tmb.jpg
http://www.logosquizwalkthrough.com/images/bentley_tmb.jpg
http://www.logosquizwalkthrough.com/images/brita_tmb.jpg
http://www.logosquizwalkthrough.com/images/carolina-herrera_tmb.jpg
http://www.logosquizwalkthrough.com/images/carrefour_tmb.jpg
http://www.logosquizwalkthrough.com/images/caterpillar_tmb.jpg
http://www.logosquizwalkthrough.com/images/cbs_tmb.jpg
http://www.logosquizwalkthrough.com/images/china-telecom_tmb.jpg
http://www.logosquizwalkthrough.com/images/china-unicom_tmb.jpg
http://www.logosquizwalkthrough.com/images/chubu-electric-power_tmb.jpg
http://www.logosquizwalkthrough.com/images/columbia-2_tmb.jpg
http://www.logosquizwalkthrough.com/images/comedy-central_tmb.jpg
http://www.logosquizwalkthrough.com/images/compaq_tmb.jpg
http://www.logosquizwalkthrough.com/images/deutsche-bank_tmb.jpg
http://www.logosquizwalkthrough.com/images/dkny_tmb.jpg
http://www.logosquizwalkthrough.com/images/electrolux_tmb.jpg
http://www.logosquizwalkthrough.com/images/element_tmb.jpg
http://www.logosquizwalkthrough.com/images/fujifilm_tmb.jpg
http://www.logosquizwalkthrough.com/images/iberia_tmb.jpg
http://www.logosquizwalkthrough.com/images/icbc_tmb.jpg
http://www.logosquizwalkthrough.com/images/infiniti_tmb.jpg
http://www.logosquizwalkthrough.com/images/isuzu_tmb.jpg
http://www.logosquizwalkthrough.com/images/kappa_tmb.jpg
http://www.logosquizwalkthrough.com/images/kddi_tmb.jpg
http://www.logosquizwalkthrough.com/images/kronenbourg_tmb.jpg
http://www.logosquizwalkthrough.com/images/kyocera_tmb.jpg
http://www.logosquizwalkthrough.com/images/malibu_tmb.jpg
http://www.logosquizwalkthrough.com/images/mattel_tmb.jpg
http://www.logosquizwalkthrough.com/images/mazda_tmb.jpg
http://www.logosquizwalkthrough.com/images/milton-bradley_tmb.jpg
http://www.logosquizwalkthrough.com/images/mobil_tmb.jpg
http://www.logosquizwalkthrough.com/images/nitro_tmb.jpg
http://www.logosquizwalkthrough.com/images/oakley_tmb.jpg
http://www.logosquizwalkthrough.com/images/orange_tmb.jpg
http://www.logosquizwalkthrough.com/images/panda_tmb.jpg
http://www.logosquizwalkthrough.com/images/pbs_tmb.jpg
http://www.logosquizwalkthrough.com/images/pbs_tmb.jpg
http://www.logosquizwalkthrough.com/images/price-waterhouse-coopers_tmb.jpg
http://www.logosquizwalkthrough.com/images/quiznos_tmb.jpg
http://www.logosquizwalkthrough.com/images/reuters_tmb.jpg
http://www.logosquizwalkthrough.com/images/ritz-carlton_tmb.jpg
http://www.logosquizwalkthrough.com/images/rollerblade_tmb.jpg
http://www.logosquizwalkthrough.com/images/rolls-royce_tmb.jpg
http://www.logosquizwalkthrough.com/images/royal-mail_tmb.jpg
http://www.logosquizwalkthrough.com/images/safeway_tmb.jpg
http://www.logosquizwalkthrough.com/images/saudi-arabian-airlines_tmb.jpg
http://www.logosquizwalkthrough.com/images/seat_tmb.jpg
http://www.logosquizwalkthrough.com/images/sharp_tmb.jpg
http://www.logosquizwalkthrough.com/images/shoei_tmb.jpg
http://www.logosquizwalkthrough.com/images/showtime_tmb.jpg
http://www.logosquizwalkthrough.com/images/skullcandy_tmb.jpg
http://www.logosquizwalkthrough.com/images/slazenger_tmb.jpg
http://www.logosquizwalkthrough.com/images/star-alliance_tmb.jpg
http://www.logosquizwalkthrough.com/images/subaru_tmb.jpg
http://www.logosquizwalkthrough.com/images/symantec_tmb.jpg
http://www.logosquizwalkthrough.com/images/target_tmb.jpg
http://www.logosquizwalkthrough.com/images/tata_tmb.jpg
http://www.logosquizwalkthrough.com/images/thai-airways_tmb.jpg
http://www.logosquizwalkthrough.com/images/t-mobile_tmb.jpg
http://www.logosquizwalkthrough.com/images/yoigo_tmb.jpg
