http://www.logosquizwalkthrough.com/images/accenture_tmb.jpg
http://www.logosquizwalkthrough.com/images/american-eagle_tmb.jpg
http://www.logosquizwalkthrough.com/images/amtrak_tmb.jpg
http://www.logosquizwalkthrough.com/images/aol_tmb.jpg
http://www.logosquizwalkthrough.com/images/baidu_tmb.jpg
http://www.logosquizwalkthrough.com/images/blizzard_tmb.jpg
http://www.logosquizwalkthrough.com/images/budweiser_tmb.jpg
http://www.logosquizwalkthrough.com/images/carhartt_tmb.jpg
http://www.logosquizwalkthrough.com/images/champion_tmb.jpg
http://www.logosquizwalkthrough.com/images/chevron_tmb.jpg
http://www.logosquizwalkthrough.com/images/chrysler_tmb.jpg
http://www.logosquizwalkthrough.com/images/chupa-chups_tmb.jpg
http://www.logosquizwalkthrough.com/images/cnn_tmb.jpg
http://www.logosquizwalkthrough.com/images/converse_tmb.jpg
http://www.logosquizwalkthrough.com/images/daewoo_tmb.jpg
http://www.logosquizwalkthrough.com/images/dominos_tmb.jpg
http://www.logosquizwalkthrough.com/images/dove_tmb.jpg
http://www.logosquizwalkthrough.com/images/ducati_tmb.jpg
http://www.logosquizwalkthrough.com/images/dunkin-donuts_tmb.jpg
http://www.logosquizwalkthrough.com/images/ea-sports_tmb.jpg
http://www.logosquizwalkthrough.com/images/evian_tmb.jpg
http://www.logosquizwalkthrough.com/images/fbi_tmb.jpg
http://www.logosquizwalkthrough.com/images/fedex_tmb.jpg
http://www.logosquizwalkthrough.com/images/fila_tmb.jpg
http://www.logosquizwalkthrough.com/images/firefox_tmb.jpg
http://www.logosquizwalkthrough.com/images/firestone_tmb.jpg
http://www.logosquizwalkthrough.com/images/fujitsu_tmb.jpg
http://www.logosquizwalkthrough.com/images/garmin_tmb.jpg
http://www.logosquizwalkthrough.com/images/greenpeace_tmb.jpg
http://www.logosquizwalkthrough.com/images/guinness_tmb.jpg
http://www.logosquizwalkthrough.com/images/hbo_tmb.jpg
http://www.logosquizwalkthrough.com/images/hot-wheels_tmb.jpg
http://www.logosquizwalkthrough.com/images/jack-daniels_tmb.jpg
http://www.logosquizwalkthrough.com/images/john-deere_tmb.jpg
http://www.logosquizwalkthrough.com/images/kia_tmb.jpg
http://www.logosquizwalkthrough.com/images/knorr_tmb.jpg
http://www.logosquizwalkthrough.com/images/land-rover_tmb.jpg
http://www.logosquizwalkthrough.com/images/lays_tmb.jpg
http://www.logosquizwalkthrough.com/images/marlboro_tmb.jpg
http://www.logosquizwalkthrough.com/images/maserati_tmb.jpg
http://www.logosquizwalkthrough.com/images/mini_tmb.jpg
http://www.logosquizwalkthrough.com/images/mountain-dew_tmb.jpg
http://www.logosquizwalkthrough.com/images/napster_tmb.jpg
http://www.logosquizwalkthrough.com/images/nascar_tmb.jpg
http://www.logosquizwalkthrough.com/images/national-geographic_tmb.jpg
http://www.logosquizwalkthrough.com/images/nestle_tmb.jpg
http://www.logosquizwalkthrough.com/images/netflix_tmb.jpg
http://www.logosquizwalkthrough.com/images/new-balance_tmb.jpg
http://www.logosquizwalkthrough.com/images/nvidia_tmb.jpg
http://www.logosquizwalkthrough.com/images/omega_tmb.jpg
http://www.logosquizwalkthrough.com/images/opel_tmb.jpg
http://www.logosquizwalkthrough.com/images/oracle_tmb.jpg
http://www.logosquizwalkthrough.com/images/pfizer_tmb.jpg
http://www.logosquizwalkthrough.com/images/philips_tmb.jpg
http://www.logosquizwalkthrough.com/images/pirelli_tmb.jpg
http://www.logosquizwalkthrough.com/images/post-it_tmb.jpg
http://www.logosquizwalkthrough.com/images/puma_tmb.jpg
http://www.logosquizwalkthrough.com/images/qualcomm_tmb.jpg
http://www.logosquizwalkthrough.com/images/rossignol_tmb.jpg
http://www.logosquizwalkthrough.com/images/sesame-street_tmb.jpg
http://www.logosquizwalkthrough.com/images/shell_tmb.jpg
http://www.logosquizwalkthrough.com/images/speedo_tmb.jpg
http://www.logosquizwalkthrough.com/images/taco-bell_tmb.jpg
http://www.logosquizwalkthrough.com/images/telefonica_tmb.jpg
http://www.logosquizwalkthrough.com/images/tesco_tmb.jpg
http://www.logosquizwalkthrough.com/images/thq_tmb.jpg
http://www.logosquizwalkthrough.com/images/timberland_tmb.jpg
http://www.logosquizwalkthrough.com/images/unesco_tmb.jpg
http://www.logosquizwalkthrough.com/images/united-colors-of-benetton_tmb.jpg
http://www.logosquizwalkthrough.com/images/united-nations_tmb.jpg
http://www.logosquizwalkthrough.com/images/virgin_tmb.jpg
http://www.logosquizwalkthrough.com/images/visa_tmb.jpg
http://www.logosquizwalkthrough.com/images/volvo_tmb.jpg
http://www.logosquizwalkthrough.com/images/warner-brothers_tmb.jpg
http://www.logosquizwalkthrough.com/images/wwf_tmb.jpg
http://www.logosquizwalkthrough.com/images/yamaha_tmb.jpg
