http://www.logosquizwalkthrough.com/images/arena_tmb.jpg
http://www.logosquizwalkthrough.com/images/avis_tmb.jpg
http://www.logosquizwalkthrough.com/images/babolat_tmb.jpg
http://www.logosquizwalkthrough.com/images/bandai_tmb.jpg
http://www.logosquizwalkthrough.com/images/batman_tmb.jpg
http://www.logosquizwalkthrough.com/images/best-western_tmb.jpg
http://www.logosquizwalkthrough.com/images/blogger_tmb.jpg
http://www.logosquizwalkthrough.com/images/bosch_tmb.jpg
http://www.logosquizwalkthrough.com/images/cambridge_tmb.jpg
http://www.logosquizwalkthrough.com/images/capcom_tmb.jpg
http://www.logosquizwalkthrough.com/images/castelli_tmb.jpg
http://www.logosquizwalkthrough.com/images/dainese_tmb.jpg
http://www.logosquizwalkthrough.com/images/dakar-rally_tmb.jpg
http://www.logosquizwalkthrough.com/images/deloitte_tmb.jpg
http://www.logosquizwalkthrough.com/images/descente_tmb.jpg
http://www.logosquizwalkthrough.com/images/dropbox_tmb.jpg
http://www.logosquizwalkthrough.com/images/energizer_tmb.jpg
http://www.logosquizwalkthrough.com/images/faber-castell_tmb.jpg
http://www.logosquizwalkthrough.com/images/fisher-price_tmb.jpg
http://www.logosquizwalkthrough.com/images/fruit-of-the-loom_tmb.jpg
http://www.logosquizwalkthrough.com/images/ghostbusters_tmb.jpg
http://www.logosquizwalkthrough.com/images/guerlain_tmb.jpg
http://www.logosquizwalkthrough.com/images/harvard_tmb.jpg
http://www.logosquizwalkthrough.com/images/holiday-inn_tmb.jpg
http://www.logosquizwalkthrough.com/images/ironman_tmb.jpg
http://www.logosquizwalkthrough.com/images/juicy-couture_tmb.jpg
http://www.logosquizwalkthrough.com/images/kangol_tmb.jpg
http://www.logosquizwalkthrough.com/images/kitkat_tmb.jpg
http://www.logosquizwalkthrough.com/images/lg_tmb.jpg
http://www.logosquizwalkthrough.com/images/lindt_tmb.jpg
http://www.logosquizwalkthrough.com/images/loewe_tmb.jpg
http://www.logosquizwalkthrough.com/images/lonely-planet_tmb.jpg
http://www.logosquizwalkthrough.com/images/longines_tmb.jpg
http://www.logosquizwalkthrough.com/images/mares_tmb.jpg
http://www.logosquizwalkthrough.com/images/martini_tmb.jpg
http://www.logosquizwalkthrough.com/images/marvel_tmb.jpg
http://www.logosquizwalkthrough.com/images/mcafee_tmb.jpg
http://www.logosquizwalkthrough.com/images/ministry-of-sound_tmb.jpg
http://www.logosquizwalkthrough.com/images/monopoly_tmb.jpg
http://www.logosquizwalkthrough.com/images/moto-gp_tmb.jpg
http://www.logosquizwalkthrough.com/images/mustang_tmb.jpg
http://www.logosquizwalkthrough.com/images/myspace_tmb.jpg
http://www.logosquizwalkthrough.com/images/nixon_tmb.jpg
http://www.logosquizwalkthrough.com/images/oceanic-airways_tmb.jpg
http://www.logosquizwalkthrough.com/images/oral-b_tmb.jpg
http://www.logosquizwalkthrough.com/images/orbit_tmb.jpg
http://www.logosquizwalkthrough.com/images/oxfam_tmb.jpg
http://www.logosquizwalkthrough.com/images/oxford_tmb.jpg
http://www.logosquizwalkthrough.com/images/pacha_tmb.jpg
http://www.logosquizwalkthrough.com/images/padi_tmb.jpg
http://www.logosquizwalkthrough.com/images/paypal_tmb.jpg
http://www.logosquizwalkthrough.com/images/pepe-jeans_tmb.jpg
http://www.logosquizwalkthrough.com/images/pilot_tmb.jpg
http://www.logosquizwalkthrough.com/images/playmobil_tmb.jpg
http://www.logosquizwalkthrough.com/images/playskool_tmb.jpg
http://www.logosquizwalkthrough.com/images/pritt_tmb.jpg
http://www.logosquizwalkthrough.com/images/red-cross_tmb.jpg
http://www.logosquizwalkthrough.com/images/reddit_tmb.jpg
http://www.logosquizwalkthrough.com/images/rockstar_tmb.jpg
http://www.logosquizwalkthrough.com/images/seiko_tmb.jpg
http://www.logosquizwalkthrough.com/images/sergio-tacchini_tmb.jpg
http://www.logosquizwalkthrough.com/images/snickers_tmb.jpg
http://www.logosquizwalkthrough.com/images/spotify_tmb.jpg
http://www.logosquizwalkthrough.com/images/sprint_tmb.jpg
http://www.logosquizwalkthrough.com/images/stanford_tmb.jpg
http://www.logosquizwalkthrough.com/images/superman_tmb.jpg
http://www.logosquizwalkthrough.com/images/the-olympic-games_tmb.jpg
http://www.logosquizwalkthrough.com/images/ubisoft_tmb.jpg
http://www.logosquizwalkthrough.com/images/ubuntu_tmb.jpg
http://www.logosquizwalkthrough.com/images/ugg_tmb.jpg
http://www.logosquizwalkthrough.com/images/walls_tmb.jpg
http://www.logosquizwalkthrough.com/images/western-digital_tmb.jpg
http://www.logosquizwalkthrough.com/images/western-union_tmb.jpg
http://www.logosquizwalkthrough.com/images/wilson_tmb.jpg
http://www.logosquizwalkthrough.com/images/yves-rocher_tmb.jpg
http://www.logosquizwalkthrough.com/images/zippo_tmb.jpg
