http://www.logosquizwalkthrough.com/images/abc_tmb.jpg
http://www.logosquizwalkthrough.com/images/adidas_tmb.jpg
http://www.logosquizwalkthrough.com/images/adobe_tmb.jpg
http://www.logosquizwalkthrough.com/images/alfa-romeo_tmb.jpg
http://www.logosquizwalkthrough.com/images/allianz_tmb.jpg
http://www.logosquizwalkthrough.com/images/armani_tmb.jpg
http://www.logosquizwalkthrough.com/images/aston-martin_tmb.jpg
http://www.logosquizwalkthrough.com/images/atari_tmb.jpg
http://www.logosquizwalkthrough.com/images/audi_tmb.jpg
http://www.logosquizwalkthrough.com/images/axa_tmb.jpg
http://www.logosquizwalkthrough.com/images/campbells_tmb.jpg
http://www.logosquizwalkthrough.com/images/cartoon-network_tmb.jpg
http://www.logosquizwalkthrough.com/images/chanel_tmb.jpg
http://www.logosquizwalkthrough.com/images/chevy_tmb.jpg
http://www.logosquizwalkthrough.com/images/cisco_tmb.jpg
http://www.logosquizwalkthrough.com/images/cocacola_tmb.jpg
http://www.logosquizwalkthrough.com/images/corona_tmb.jpg
http://www.logosquizwalkthrough.com/images/dacia_tmb.jpg
http://www.logosquizwalkthrough.com/images/dakine_tmb.jpg
http://www.logosquizwalkthrough.com/images/dell_tmb.jpg
http://www.logosquizwalkthrough.com/images/dodge_tmb.jpg
http://www.logosquizwalkthrough.com/images/dreamworks_tmb.jpg
http://www.logosquizwalkthrough.com/images/dunlop_tmb.jpg
http://www.logosquizwalkthrough.com/images/ericsson_tmb.jpg
http://www.logosquizwalkthrough.com/images/facebook_tmb.jpg
http://www.logosquizwalkthrough.com/images/ferrari_tmb.jpg
http://www.logosquizwalkthrough.com/images/ford_tmb.jpg
http://www.logosquizwalkthrough.com/images/ftd_tmb.jpg
http://www.logosquizwalkthrough.com/images/harley-davidson_tmb.jpg
http://www.logosquizwalkthrough.com/images/heineken_tmb.jpg
http://www.logosquizwalkthrough.com/images/hello-kitty_tmb.jpg
http://www.logosquizwalkthrough.com/images/honda_tmb.jpg
http://www.logosquizwalkthrough.com/images/htc_tmb.jpg
http://www.logosquizwalkthrough.com/images/ikea_tmb.jpg
http://www.logosquizwalkthrough.com/images/imdb_tmb.jpg
http://www.logosquizwalkthrough.com/images/in-n-out_tmb.jpg
http://www.logosquizwalkthrough.com/images/kleenex_tmb.jpg
http://www.logosquizwalkthrough.com/images/konica-minolta_tmb.jpg
http://www.logosquizwalkthrough.com/images/linkedin_tmb.jpg
http://www.logosquizwalkthrough.com/images/lotto_tmb.jpg
http://www.logosquizwalkthrough.com/images/lucasarts_tmb.jpg
http://www.logosquizwalkthrough.com/images/mercedes_tmb.jpg
http://www.logosquizwalkthrough.com/images/minute-maid_tmb.jpg
http://www.logosquizwalkthrough.com/images/monster_tmb.jpg
http://www.logosquizwalkthrough.com/images/msn_tmb.jpg
http://www.logosquizwalkthrough.com/images/nasa_tmb.jpg
http://www.logosquizwalkthrough.com/images/nbc_tmb.jpg
http://www.logosquizwalkthrough.com/images/netscape_tmb.jpg
http://www.logosquizwalkthrough.com/images/nikita_tmb.jpg
http://www.logosquizwalkthrough.com/images/nintendo_tmb.jpg
http://www.logosquizwalkthrough.com/images/nivea_tmb.jpg
http://www.logosquizwalkthrough.com/images/nokia_tmb.jpg
http://www.logosquizwalkthrough.com/images/olay_tmb.jpg
http://www.logosquizwalkthrough.com/images/panasonic_tmb.jpg
http://www.logosquizwalkthrough.com/images/pantene_tmb.jpg
http://www.logosquizwalkthrough.com/images/pepsi_tmb.jpg
http://www.logosquizwalkthrough.com/images/playstation_tmb.jpg
http://www.logosquizwalkthrough.com/images/prince_tmb.jpg
http://www.logosquizwalkthrough.com/images/roncato_tmb.jpg
http://www.logosquizwalkthrough.com/images/rover_tmb.jpg
http://www.logosquizwalkthrough.com/images/sap_tmb.jpg
http://www.logosquizwalkthrough.com/images/skoda_tmb.jpg
http://www.logosquizwalkthrough.com/images/sony_tmb.jpg
http://www.logosquizwalkthrough.com/images/suzuki_tmb.jpg
http://www.logosquizwalkthrough.com/images/swatch_tmb.jpg
http://www.logosquizwalkthrough.com/images/tommy-hilfiger_tmb.jpg
http://www.logosquizwalkthrough.com/images/toyota_tmb.jpg
http://www.logosquizwalkthrough.com/images/toys-r-us_tmb.jpg
http://www.logosquizwalkthrough.com/images/unicef_tmb.jpg
http://www.logosquizwalkthrough.com/images/ups_tmb.jpg
http://www.logosquizwalkthrough.com/images/verizon_tmb.jpg
http://www.logosquizwalkthrough.com/images/whirlpool_tmb.jpg
http://www.logosquizwalkthrough.com/images/wikipedia_tmb.jpg
http://www.logosquizwalkthrough.com/images/windows_tmb.jpg
http://www.logosquizwalkthrough.com/images/youtube_tmb.jpg
http://www.logosquizwalkthrough.com/images/yahoo_tmb.jpg
