http://www.logosquizwalkthrough.com/images/abn-amro_tmb.jpg
http://www.logosquizwalkthrough.com/images/adecco_tmb.jpg
http://www.logosquizwalkthrough.com/images/air-berlin_tmb.jpg
http://www.logosquizwalkthrough.com/images/airbus_tmb.jpg
http://www.logosquizwalkthrough.com/images/alitalia_tmb.jpg
http://www.logosquizwalkthrough.com/images/amstel_tmb.jpg
http://www.logosquizwalkthrough.com/images/anon_tmb.jpg
http://www.logosquizwalkthrough.com/images/atp_tmb.jpg
http://www.logosquizwalkthrough.com/images/basf_tmb.jpg
http://www.logosquizwalkthrough.com/images/birdhouse_tmb.jpg
http://www.logosquizwalkthrough.com/images/bnp-paribas_tmb.jpg
http://www.logosquizwalkthrough.com/images/boeing_tmb.jpg
http://www.logosquizwalkthrough.com/images/bt_tmb.jpg
http://www.logosquizwalkthrough.com/images/bugatti_tmb.jpg
http://www.logosquizwalkthrough.com/images/bvlgari_tmb.jpg
http://www.logosquizwalkthrough.com/images/cacharel_tmb.jpg
http://www.logosquizwalkthrough.com/images/china-mobile_tmb.jpg
http://www.logosquizwalkthrough.com/images/citi_tmb.jpg
http://www.logosquizwalkthrough.com/images/clinique_tmb.jpg
http://www.logosquizwalkthrough.com/images/cnet_tmb.jpg
http://www.logosquizwalkthrough.com/images/daihatsu_tmb.jpg
http://www.logosquizwalkthrough.com/images/danone_tmb.jpg
http://www.logosquizwalkthrough.com/images/dickies_tmb.jpg
http://www.logosquizwalkthrough.com/images/dior_tmb.jpg
http://www.logosquizwalkthrough.com/images/disney-channel_tmb.jpg
http://www.logosquizwalkthrough.com/images/ethiad-airways_tmb.jpg
http://www.logosquizwalkthrough.com/images/fanta_tmb.jpg
http://www.logosquizwalkthrough.com/images/finnair_tmb.jpg
http://www.logosquizwalkthrough.com/images/gatorade_tmb.jpg
http://www.logosquizwalkthrough.com/images/general-electric_tmb.jpg
http://www.logosquizwalkthrough.com/images/hankook_tmb.jpg
http://www.logosquizwalkthrough.com/images/hasbro_tmb.jpg
http://www.logosquizwalkthrough.com/images/helena-rubinstein_tmb.jpg
http://www.logosquizwalkthrough.com/images/hermes_tmb.jpg
http://www.logosquizwalkthrough.com/images/hugo-boss_tmb.jpg
http://www.logosquizwalkthrough.com/images/iberdrola_tmb.jpg
http://www.logosquizwalkthrough.com/images/kpmg_tmb.jpg
http://www.logosquizwalkthrough.com/images/kraft_tmb.jpg
http://www.logosquizwalkthrough.com/images/lada_tmb.jpg
http://www.logosquizwalkthrough.com/images/lee_tmb.jpg
http://www.logosquizwalkthrough.com/images/mac_tmb.jpg
http://www.logosquizwalkthrough.com/images/maggi_tmb.jpg
http://www.logosquizwalkthrough.com/images/man_tmb.jpg
http://www.logosquizwalkthrough.com/images/milka_tmb.jpg
http://www.logosquizwalkthrough.com/images/mont-blanc_tmb.jpg
http://www.logosquizwalkthrough.com/images/novartis_tmb.jpg
http://www.logosquizwalkthrough.com/images/paco-rabanne_tmb.jpg
http://www.logosquizwalkthrough.com/images/pelikan_tmb.jpg
http://www.logosquizwalkthrough.com/images/perrier_tmb.jpg
http://www.logosquizwalkthrough.com/images/petronas_tmb.jpg
http://www.logosquizwalkthrough.com/images/pioneer_tmb.jpg
http://www.logosquizwalkthrough.com/images/pontiac_tmb.jpg
http://www.logosquizwalkthrough.com/images/prada_tmb.jpg
http://www.logosquizwalkthrough.com/images/rabobank_tmb.jpg
http://www.logosquizwalkthrough.com/images/repsol_tmb.jpg
http://www.logosquizwalkthrough.com/images/roche_tmb.jpg
http://www.logosquizwalkthrough.com/images/rolex_tmb.jpg
http://www.logosquizwalkthrough.com/images/salomon_tmb.jpg
http://www.logosquizwalkthrough.com/images/santander_tmb.jpg
http://www.logosquizwalkthrough.com/images/sheraton_tmb.jpg
http://www.logosquizwalkthrough.com/images/shiseido_tmb.jpg
http://www.logosquizwalkthrough.com/images/ssangyong_tmb.jpg
http://www.logosquizwalkthrough.com/images/stabilo_tmb.jpg
http://www.logosquizwalkthrough.com/images/staedtler_tmb.jpg
http://www.logosquizwalkthrough.com/images/stella-artois_tmb.jpg
http://www.logosquizwalkthrough.com/images/stumbleupon_tmb.jpg
http://www.logosquizwalkthrough.com/images/telenor_tmb.jpg
http://www.logosquizwalkthrough.com/images/texaco_tmb.jpg
http://www.logosquizwalkthrough.com/images/the-home-depot_tmb.jpg
http://www.logosquizwalkthrough.com/images/ubs_tmb.jpg
http://www.logosquizwalkthrough.com/images/umbro_tmb.jpg
http://www.logosquizwalkthrough.com/images/usps_tmb.jpg
http://www.logosquizwalkthrough.com/images/versace_tmb.jpg
http://www.logosquizwalkthrough.com/images/walmart_tmb.jpg
http://www.logosquizwalkthrough.com/images/zara_tmb.jpg
http://www.logosquizwalkthrough.com/images/zte_tmb.jpg
